b:\projects\kriptografija\cc++ℵ\bin-int\debug-windows-x86_64\rsacpp\rsa.obj
b:\projects\kriptografija\cc++ℵ\bin-int\debug-windows-x86_64\rsacpp\utility.obj
b:\projects\kriptografija\cc++ℵ\bin-int\debug-windows-x86_64\rsacpp\main.obj
b:\projects\kriptografija\cc++ℵ\bin-int\debug-windows-x86_64\rsacpp\vc142.pdb
b:\projects\kriptografija\cc++ℵ\bin-int\debug-windows-x86_64\rsacpp\vc142.idb
b:\projects\cryptographypractice\bin-int\debug-windows-x86_64\rsacpp\rsa.obj
b:\projects\cryptographypractice\bin-int\debug-windows-x86_64\rsacpp\utility.obj
b:\projects\cryptographypractice\bin-int\debug-windows-x86_64\rsacpp\main.obj
b:\projects\cryptographypractice\bin-int\debug-windows-x86_64\rsacpp\vc142.pdb
b:\projects\kriptografija\cc++ℵ\bin\debug-windows-x86_64\rsacpp\rsacpp.ilk
b:\projects\kriptografija\cc++ℵ\bin\debug-windows-x86_64\rsacpp\rsacpp.exe
b:\projects\kriptografija\cc++ℵ\bin\debug-windows-x86_64\rsacpp\rsacpp.pdb
b:\projects\cryptographypractice\bin-int\debug-windows-x86_64\rsacpp\main.obj.enc
b:\projects\cryptographypractice\bin-int\debug-windows-x86_64\rsacpp\rsa.obj.enc
b:\projects\cryptographypractice\bin-int\debug-windows-x86_64\rsacpp\utility.obj.enc
b:\projects\cryptographypractice\bin-int\debug-windows-x86_64\rsacpp\vc142.idb
b:\projects\cryptographypractice\bin-int\debug-windows-x86_64\rsacpp\rsacpp.tlog\cl.command.1.tlog
b:\projects\cryptographypractice\bin-int\debug-windows-x86_64\rsacpp\rsacpp.tlog\cl.read.1.tlog
b:\projects\cryptographypractice\bin-int\debug-windows-x86_64\rsacpp\rsacpp.tlog\cl.write.1.tlog
b:\projects\cryptographypractice\bin-int\debug-windows-x86_64\rsacpp\rsacpp.tlog\link.command.1.tlog
b:\projects\cryptographypractice\bin-int\debug-windows-x86_64\rsacpp\rsacpp.tlog\link.read.1.tlog
b:\projects\cryptographypractice\bin-int\debug-windows-x86_64\rsacpp\rsacpp.tlog\link.write.1.tlog
