c:\projects\kriptografija\cc++ℵ\bin-int\debug-windows-x86_64\aescpp\main.obj
c:\projects\kriptografija\cc++ℵ\bin-int\debug-windows-x86_64\aescpp\filemanutils.obj
c:\projects\kriptografija\cc++ℵ\bin-int\debug-windows-x86_64\aescpp\vc142.pdb
c:\projects\kriptografija\cc++ℵ\bin-int\debug-windows-x86_64\aescpp\vc142.idb
c:\projects\kriptografija\cc++ℵ\bin-int\debug-windows-x86_64\aescpp\aesencryptor.obj
c:\projects\kriptografija\cc++ℵ\bin-int\debug-windows-x86_64\aescpp\aesdecryptorcustom.obj
b:\projects\cryptographypractice\bin-int\debug-windows-x86_64\aescpp\aesdecryptorcustom.obj
b:\projects\cryptographypractice\bin-int\debug-windows-x86_64\aescpp\aesencryptor.obj
b:\projects\cryptographypractice\bin-int\debug-windows-x86_64\aescpp\filemanutils.obj
c:\projects\kriptografija\cc++ℵ\bin\debug-windows-x86_64\aescpp\aescpp.exe
c:\projects\kriptografija\cc++ℵ\bin\debug-windows-x86_64\aescpp\aescpp.ilk
c:\projects\kriptografija\cc++ℵ\bin\debug-windows-x86_64\aescpp\aescpp.pdb
b:\projects\cryptographypractice\bin-int\debug-windows-x86_64\aescpp\main.obj.enc
b:\projects\cryptographypractice\bin-int\debug-windows-x86_64\aescpp\vc142.idb
b:\projects\cryptographypractice\bin-int\debug-windows-x86_64\aescpp\vc142.pdb
b:\projects\cryptographypractice\bin\debug-windows-x86_64\aescpp\aescpp.exe
b:\projects\cryptographypractice\bin-int\debug-windows-x86_64\aescpp\aescpp.tlog\cl.command.1.tlog
b:\projects\cryptographypractice\bin-int\debug-windows-x86_64\aescpp\aescpp.tlog\cl.read.1.tlog
b:\projects\cryptographypractice\bin-int\debug-windows-x86_64\aescpp\aescpp.tlog\cl.write.1.tlog
b:\projects\cryptographypractice\bin-int\debug-windows-x86_64\aescpp\aescpp.tlog\link.command.1.tlog
b:\projects\cryptographypractice\bin-int\debug-windows-x86_64\aescpp\aescpp.tlog\link.read.1.tlog
b:\projects\cryptographypractice\bin-int\debug-windows-x86_64\aescpp\aescpp.tlog\link.write.1.tlog
